<?xml version="1.0" encoding="UTF-8"?>
<testsuite xmlns:xsi="http://www.w3.org/2001/XMLSchema-instance" xsi:noNamespaceSchemaLocation="https://maven.apache.org/surefire/maven-surefire-plugin/xsd/surefire-test-report-3.0.xsd" version="3.0" name="com.travelplanner.TravelPlannerApplicationTests" time="17.531" tests="1" errors="0" skipped="0" failures="0">
  <properties>
[...]
</properties>
  <testcase name="contextLoads" classname="com.travelplanner.TravelPlannerApplicationTests" time="0.062">
    <system-out><![CDATA[21:44:15.982 [main] INFO org.springframework.test.context.support.AnnotationConfigContextLoaderUtils -- Could not detect default configuration classes for test class [com.travelplanner.TravelPlannerApplicationTests]: TravelPlannerApplicationTests does not declare any static, non-private, non-final, nested classes annotated with @Configuration.
21:44:16.195 [main] INFO org.springframework.boot.test.context.SpringBootTestContextBootstrapper -- Found @SpringBootConfiguration com.travelplanner.TravelPlannerApplication for test class com.travelplanner.TravelPlannerApplicationTests

  .   ____          _            __ _ _
 /\\ / ___'_ __ _ _(_)_ __  __ _ \ \ \ \
( ( )\___ | '_ | '_| | '_ \/ _` | \ \ \ \
 \\/  ___)| |_)| | | | | || (_| |  ) ) ) )
  '  |____| .__|_| |_|_| |_\__, | / / / /
 =========|_|==============|___/=/_/_/_/

 :: Spring Boot ::                (v3.3.4)

2026-09-18T21:44:17.085+05:30  INFO 96520 --- [travel-planner-backend] [           main] c.t.TravelPlannerApplicationTests        : Starting TravelPlannerApplicationTests using Java 24.0.2 with PID 96520 (started by mchan in C:\Users\mchan\OneDrive\Desktop\New TP website\backend)
2026-09-18T21:44:17.088+05:30  INFO 96520 --- [travel-planner-backend] [           main] c.t.TravelPlannerApplicationTests        : The following 1 profile is active: "dev"
2026-09-18T21:44:19.572+05:30  INFO 96520 --- [travel-planner-backend] [           main] .s.d.r.c.RepositoryConfigurationDelegate : Multiple Spring Data modules found, entering strict repository configuration mode
2026-09-18T21:44:19.576+05:30  INFO 96520 --- [travel-planner-backend] [           main] .s.d.r.c.RepositoryConfigurationDelegate : Bootstrapping Spring Data JPA repositories in DEFAULT mode.
2026-09-18T21:44:19.842+05:30  INFO 96520 --- [travel-planner-backend] [           main] .s.d.r.c.RepositoryConfigurationDelegate : Finished Spring Data repository scanning in 250 ms. Found 13 JPA repository interfaces.
2026-09-18T21:44:19.870+05:30  INFO 96520 --- [travel-planner-backend] [           main] .s.d.r.c.RepositoryConfigurationDelegate : Multiple Spring Data modules found, entering strict repository configuration mode
2026-09-18T21:44:19.872+05:30  INFO 96520 --- [travel-planner-backend] [           main] .s.d.r.c.RepositoryConfigurationDelegate : Bootstrapping Spring Data Redis repositories in DEFAULT mode.
2026-09-18T21:44:19.908+05:30  INFO 96520 --- [travel-planner-backend] [           main] .RepositoryConfigurationExtensionSupport : Spring Data Redis - Could not safely identify store assignment for repository candidate interface com.travelplanner.repository.AccommodationRepository; If you want this repository to be a Redis repository, consider annotating your entities with one of these annotations: org.springframework.data.redis.core.RedisHash (preferred), or consider extending one of the following types with your repository: org.springframework.data.keyvalue.repository.KeyValueRepository
2026-09-18T21:44:19.908+05:30  INFO 96520 --- [travel-planner-backend] [           main] .RepositoryConfigurationExtensionSupport : Spring Data Redis - Could not safely identify store assignment for repository candidate interface com.travelplanner.repository.ActivityRepository; If you want this repository to be a Redis repository, consider annotating your entities with one of these annotations: org.springframework.data.redis.core.RedisHash (preferred), or consider extending one of the following types with your repository: org.springframework.data.keyvalue.repository.KeyValueRepository
2026-09-18T21:44:19.909+05:30  INFO 96520 --- [travel-planner-backend] [           main] .RepositoryConfigurationExtensionSupport : Spring Data Redis - Could not safely identify store assignment for repository candidate interface com.travelplanner.repository.DestinationRepository; If you want this repository to be a Redis repository, consider annotating your entities with one of these annotations: org.springframework.data.redis.core.RedisHash (preferred), or consider extending one of the following types with your repository: org.springframework.data.keyvalue.repository.KeyValueRepository
2026-09-18T21:44:19.910+05:30  INFO 96520 --- [travel-planner-backend] [           main] .RepositoryConfigurationExtensionSupport : Spring Data Redis - Could not safely identify store assignment for repository candidate interface com.travelplanner.repository.ExpenseRepository; If you want this repository to be a Redis repository, consider annotating your entities with one of these annotations: org.springframework.data.redis.core.RedisHash (preferred), or consider extending one of the following types with your repository: org.springframework.data.keyvalue.repository.KeyValueRepository
2026-09-18T21:44:19.911+05:30  INFO 96520 --- [travel-planner-backend] [           main] .RepositoryConfigurationExtensionSupport : Spring Data Redis - Could not safely identify store assignment for repository candidate interface com.travelplanner.repository.ExpenseSplitRepository; If you want this repository to be a Redis repository, consider annotating your entities with one of these annotations: org.springframework.data.redis.core.RedisHash (preferred), or consider extending one of the following types with your repository: org.springframework.data.keyvalue.repository.KeyValueRepository
2026-09-18T21:44:19.912+05:30  INFO 96520 --- [travel-planner-backend] [           main] .RepositoryConfigurationExtensionSupport : Spring Data Redis - Could not safely identify store assignment for repository candidate interface com.travelplanner.repository.FlightRepository; If you want this repository to be a Redis repository, consider annotating your entities with one of these annotations: org.springframework.data.redis.core.RedisHash (preferred), or consider extending one of the following types with your repository: org.springframework.data.keyvalue.repository.KeyValueRepository
2026-09-18T21:44:19.914+05:30  INFO 96520 --- [travel-planner-backend] [           main] .RepositoryConfigurationExtensionSupport : Spring Data Redis - Could not safely identify store assignment for repository candidate interface com.travelplanner.repository.ItineraryDayRepository; If you want this repository to be a Redis repository, consider annotating your entities with one of these annotations: org.springframework.data.redis.core.RedisHash (preferred), or consider extending one of the following types with your repository: org.springframework.data.keyvalue.repository.KeyValueRepository
2026-09-18T21:44:19.915+05:30  INFO 96520 --- [travel-planner-backend] [           main] .RepositoryConfigurationExtensionSupport : Spring Data Redis - Could not safely identify store assignment for repository candidate interface com.travelplanner.repository.ItineraryItemRepository; If you want this repository to be a Redis repository, consider annotating your entities with one of these annotations: org.springframework.data.redis.core.RedisHash (preferred), or consider extending one of the following types with your repository: org.springframework.data.keyvalue.repository.KeyValueRepository
2026-09-18T21:44:19.916+05:30  INFO 96520 --- [travel-planner-backend] [           main] .RepositoryConfigurationExtensionSupport : Spring Data Redis - Could not safely identify store assignment for repository candidate interface com.travelplanner.repository.RestaurantRepository; If you want this repository to be a Redis repository, consider annotating your entities with one of these annotations: org.springframework.data.redis.core.RedisHash (preferred), or consider extending one of the following types with your repository: org.springframework.data.keyvalue.repository.KeyValueRepository
2026-09-18T21:44:19.917+05:30  INFO 96520 --- [travel-planner-backend] [           main] .RepositoryConfigurationExtensionSupport : Spring Data Redis - Could not safely identify store assignment for repository candidate interface com.travelplanner.repository.ReviewRepository; If you want this repository to be a Redis repository, consider annotating your entities with one of these annotations: org.springframework.data.redis.core.RedisHash (preferred), or consider extending one of the following types with your repository: org.springframework.data.keyvalue.repository.KeyValueRepository
2026-09-18T21:44:19.918+05:30  INFO 96520 --- [travel-planner-backend] [           main] .RepositoryConfigurationExtensionSupport : Spring Data Redis - Could not safely identify store assignment for repository candidate interface com.travelplanner.repository.TripCollaboratorRepository; If you want this repository to be a Redis repository, consider annotating your entities with one of these annotations: org.springframework.data.redis.core.RedisHash (preferred), or consider extending one of the following types with your repository: org.springframework.data.keyvalue.repository.KeyValueRepository
2026-09-18T21:44:19.919+05:30  INFO 96520 --- [travel-planner-backend] [           main] .RepositoryConfigurationExtensionSupport : Spring Data Redis - Could not safely identify store assignment for repository candidate interface com.travelplanner.repository.TripRepository; If you want this repository to be a Redis repository, consider annotating your entities with one of these annotations: org.springframework.data.redis.core.RedisHash (preferred), or consider extending one of the following types with your repository: org.springframework.data.keyvalue.repository.KeyValueRepository
2026-09-18T21:44:19.919+05:30  INFO 96520 --- [travel-planner-backend] [           main] .RepositoryConfigurationExtensionSupport : Spring Data Redis - Could not safely identify store assignment for repository candidate interface com.travelplanner.repository.UserRepository; If you want this repository to be a Redis repository, consider annotating your entities with one of these annotations: org.springframework.data.redis.core.RedisHash (preferred), or consider extending one of the following types with your repository: org.springframework.data.keyvalue.repository.KeyValueRepository
2026-09-18T21:44:19.920+05:30  INFO 96520 --- [travel-planner-backend] [           main] .s.d.r.c.RepositoryConfigurationDelegate : Finished Spring Data repository scanning in 29 ms. Found 0 Redis repository interfaces.
2026-09-18T21:44:21.497+05:30  INFO 96520 --- [travel-planner-backend] [           main] o.hibernate.jpa.internal.util.LogHelper  : HHH000204: Processing PersistenceUnitInfo [name: default]
2026-09-18T21:44:21.692+05:30  INFO 96520 --- [travel-planner-backend] [           main] org.hibernate.Version                    : HHH000412: Hibernate ORM core version 6.5.3.Final
2026-09-18T21:44:21.783+05:30  INFO 96520 --- [travel-planner-backend] [           main] o.h.c.internal.RegionFactoryInitiator    : HHH000026: Second-level cache disabled
2026-09-18T21:44:22.079+05:30  INFO 96520 --- [travel-planner-backend] [           main] o.s.o.j.p.SpringPersistenceUnitInfo      : No LoadTimeWeaver setup: ignoring JPA class transformer
2026-09-18T21:44:22.119+05:30  INFO 96520 --- [travel-planner-backend] [           main] com.zaxxer.hikari.HikariDataSource       : HikariPool-1 - Starting...
2026-09-18T21:44:22.408+05:30  INFO 96520 --- [travel-planner-backend] [           main] com.zaxxer.hikari.pool.HikariPool        : HikariPool-1 - Added connection conn0: url=jdbc:h2:mem:travelplanner user=SA
2026-09-18T21:44:22.411+05:30  INFO 96520 --- [travel-planner-backend] [           main] com.zaxxer.hikari.HikariDataSource       : HikariPool-1 - Start completed.
2026-09-18T21:44:22.448+05:30  WARN 96520 --- [travel-planner-backend] [           main] org.hibernate.orm.deprecation            : HHH90000025: H2Dialect does not need to be specified explicitly using 'hibernate.dialect' (remove the property setting and it will be selected by default)
2026-09-18T21:44:24.406+05:30  INFO 96520 --- [travel-planner-backend] [           main] o.h.e.t.j.p.i.JtaPlatformInitiator       : HHH000489: No JTA platform available (set 'hibernate.transaction.jta.platform' to enable JTA platform integration)
2026-09-18T21:44:24.684+05:30  INFO 96520 --- [travel-planner-backend] [           main] j.LocalContainerEntityManagerFactoryBean : Initialized JPA EntityManagerFactory for persistence unit 'default'
2026-09-18T21:44:25.822+05:30  INFO 96520 --- [travel-planner-backend] [           main] o.s.d.j.r.query.QueryEnhancerFactory     : Hibernate is in classpath; If applicable, HQL parser will be used.
2026-09-18T21:44:29.166+05:30  WARN 96520 --- [travel-planner-backend] [           main] JpaBaseConfiguration$JpaWebConfiguration : spring.jpa.open-in-view is enabled by default. Therefore, database queries may be performed during view rendering. Explicitly configure spring.jpa.open-in-view to disable this warning
2026-09-18T21:44:29.236+05:30  INFO 96520 --- [travel-planner-backend] [           main] r$InitializeUserDetailsManagerConfigurer : Global AuthenticationManager configured with UserDetailsService bean with name customUserDetailsService
2026-09-18T21:44:30.858+05:30  INFO 96520 --- [travel-planner-backend] [           main] o.s.b.a.e.web.EndpointLinksResolver      : Exposing 3 endpoints beneath base path '/actuator'
2026-09-18T21:44:32.426+05:30  INFO 96520 --- [travel-planner-backend] [           main] o.s.b.a.h2.H2ConsoleAutoConfiguration    : H2 console available at '/h2-console'. Database available at 'jdbc:h2:mem:travelplanner'
2026-09-18T21:44:32.548+05:30  INFO 96520 --- [travel-planner-backend] [           main] o.s.m.s.b.SimpleBrokerMessageHandler     : Starting...
2026-09-18T21:44:32.549+05:30  INFO 96520 --- [travel-planner-backend] [           main] o.s.m.s.b.SimpleBrokerMessageHandler     : BrokerAvailabilityEvent[available=true, SimpleBrokerMessageHandler [org.springframework.messaging.simp.broker.DefaultSubscriptionRegistry@5ead823e]]
2026-09-18T21:44:32.551+05:30  INFO 96520 --- [travel-planner-backend] [           main] o.s.m.s.b.SimpleBrokerMessageHandler     : Started.
2026-09-18T21:44:32.572+05:30  INFO 96520 --- [travel-planner-backend] [           main] c.t.TravelPlannerApplicationTests        : Started TravelPlannerApplicationTests in 16.057 seconds (process running for 19.566)
2026-09-18T21:44:32.825+05:30  INFO 96520 --- [travel-planner-backend] [           main] c.travelplanner.config.DataInitializer   : Seeding initial travel platform data...
2026-09-18T21:44:33.200+05:30  INFO 96520 --- [travel-planner-backend] [           main] c.travelplanner.config.DataInitializer   : Initial data seed completed successfully!
]]></system-out>
  </testcase>
</testsuite>